<?xml version="1.0" encoding="UTF-8"?>
<testsuite name="arrays.KadaneTest" tests="3" skipped="0" failures="0" errors="0" timestamp="2021-02-19T00:13:17" hostname="DESKTOP" time="0.024">
  <properties/>
  <testcase name="secondTestCase" classname="arrays.KadaneTest" time="0.002"/>
  <testcase name="firstTestCase" classname="arrays.KadaneTest" time="0.0"/>
  <testcase name="stackOverflowTest" classname="arrays.KadaneTest" time="0.021"/>
  <system-out><![CDATA[]]></system-out>
  <system-err><![CDATA[]]></system-err>
</testsuite>
