<?xml version="1.0" encoding="UTF-8"?>
<testsuite name="arrays.SubArrayWithGivenSumTest" tests="4" skipped="0" failures="0" errors="0" timestamp="2021-02-18T01:26:59" hostname="DESKTOP" time="0.013">
  <properties/>
  <testcase name="secondTestCase" classname="arrays.SubArrayWithGivenSumTest" time="0.007"/>
  <testcase name="errorTest" classname="arrays.SubArrayWithGivenSumTest" time="0.0"/>
  <testcase name="firstTestCase" classname="arrays.SubArrayWithGivenSumTest" time="0.0"/>
  <testcase name="stackOverflowTest" classname="arrays.SubArrayWithGivenSumTest" time="0.005"/>
  <system-out><![CDATA[]]></system-out>
  <system-err><![CDATA[]]></system-err>
</testsuite>
